<?xml version="1.0" encoding="UTF-8"?>
<testng-results ignored="0" total="1" passed="1" failed="0" skipped="0">
  <reporter-output>
  </reporter-output>
  <suite started-at="2023-10-20T21:52:07 CST" name="Default suite" finished-at="2023-10-20T21:52:15 CST" duration-ms="8168">
    <groups>
    </groups>
    <test started-at="2023-10-20T21:52:07 CST" name="Default test" finished-at="2023-10-20T21:52:15 CST" duration-ms="8168">
      <class name="pageobjectmodel.test.BaseTest">
        <test-method is-config="true" signature="configurar()[pri:0, instance:pageobjectmodel.test.BaseTest@7ce026d3]" started-at="2023-10-20T21:52:07 CST" name="configurar" finished-at="2023-10-20T21:52:13 CST" duration-ms="5743" status="PASS">
          <reporter-output>
          </reporter-output>
        </test-method> <!-- configurar -->
        <test-method signature="baseExample()[pri:0, instance:pageobjectmodel.test.BaseTest@7ce026d3]" started-at="2023-10-20T21:52:13 CST" name="baseExample" finished-at="2023-10-20T21:52:14 CST" duration-ms="976" status="PASS">
          <reporter-output>
          </reporter-output>
        </test-method> <!-- baseExample -->
        <test-method is-config="true" signature="cerrar()[pri:0, instance:pageobjectmodel.test.BaseTest@7ce026d3]" started-at="2023-10-20T21:52:14 CST" name="cerrar" finished-at="2023-10-20T21:52:15 CST" duration-ms="1400" status="PASS">
          <reporter-output>
          </reporter-output>
        </test-method> <!-- cerrar -->
      </class> <!-- pageobjectmodel.test.BaseTest -->
    </test> <!-- Default test -->
  </suite> <!-- Default suite -->
</testng-results>
